Started at Tue Feb 20 16:43:04 UTC 2024
Processing spring-batch
Offering spring-batch to Project Build Discarder
Finished at Tue Feb 20 16:43:04 UTC 2024. 161ms
Started at Tue Feb 20 18:31:03 UTC 2024
Processing spring-batch
Offering spring-batch to Project Build Discarder
Finished at Tue Feb 20 18:31:03 UTC 2024. 61ms
Started at Tue Feb 20 20:19:04 UTC 2024
Processing spring-batch
Offering spring-batch to Project Build Discarder
Finished at Tue Feb 20 20:19:04 UTC 2024. 62ms
Started at Tue Feb 20 22:07:05 UTC 2024
Processing spring-batch
Offering spring-batch to Project Build Discarder
Finished at Tue Feb 20 22:07:05 UTC 2024. 245ms
Started at Tue Feb 20 23:55:06 UTC 2024
Processing spring-batch
Offering spring-batch to Project Build Discarder
Finished at Tue Feb 20 23:55:06 UTC 2024. 108ms
Started at Wed Feb 21 01:43:07 UTC 2024
Processing spring-batch
Offering spring-batch to Project Build Discarder
Finished at Wed Feb 21 01:43:07 UTC 2024. 52ms
Started at Wed Feb 21 02:56:37 UTC 2024
Processing spring-batch
Offering spring-batch to Project Build Discarder
Finished at Wed Feb 21 02:56:37 UTC 2024. 70ms
Started at Wed Feb 21 10:53:37 UTC 2024
Processing spring-batch
Offering spring-batch to Project Build Discarder
Finished at Wed Feb 21 10:53:37 UTC 2024. 76ms
Started at Wed Feb 21 10:53:37 UTC 2024
Processing spring-batch
Offering spring-batch to Project Build Discarder
Finished at Wed Feb 21 10:53:37 UTC 2024. 42ms
Started at Wed Feb 21 11:28:38 UTC 2024
Processing spring-batch
Offering spring-batch to Project Build Discarder
Finished at Wed Feb 21 11:28:38 UTC 2024. 132ms
Started at Wed Feb 21 12:28:38 UTC 2024
Processing spring-batch
Offering spring-batch to Project Build Discarder
Finished at Wed Feb 21 12:28:39 UTC 2024. 885ms
